Launching lib/main.dart on 2201116PG in debug mode...
Running Gradle task 'assembleDebug'...                          
lib/services/chatbot_service.dart:7:8: Error: Error when reading 'lib/services/article_service.dart': No such file or directory
import 'article_service.dart';
       ^
lib/services/chatbot_service.dart:50:9: Error: Type 'ArticleService' not found.
  final ArticleService _articleService = ArticleService();
        ^^^^^^^^^^^^^^
lib/services/chatbot_service.dart:50:9: Error: 'ArticleService' isn't a type.
  final ArticleService _articleService = ArticleService();
        ^^^^^^^^^^^^^^
lib/services/chatbot_service.dart:50:42: Error: Method not found: 'ArticleService'.
  final ArticleService _articleService = ArticleService();
                                         ^^^^^^^^^^^^^^
Target kernel_snapshot_program failed: Exception


FAILURE: Build failed with an exception.

* What went wrong:
Execution failed for task ':app:compileFlutterBuildDebug'.
> Process 'command '/home/mauchly/development/flutter/bin/flutter'' finished with non-zero exit value 1

* Try:
> Run with --stacktrace option to get the stack trace.
> Run with --info or --debug option to get more log output.
> Run with --scan to get full insights.
> Get more help at https://help.gradle.org.

BUILD FAILED in 3s
Running Gradle task 'assembleDebug'...                              3.4s
Error: Gradle task assembleDebug failed with exit code 1
